The system is: Darwin - 14.5.0 - x86_64
Compiling the C compiler identification source file "CMakeCCompilerId.c" succeeded.
Compiler:  
Build flags: 
Id flags: 

The output was:
0
2015-08-21 16:56:31.364 xcodebuild[2316:541964] [MT] PluginLoading: Required plug-in compatibility UUID 7FDF5C7A-131F-4ABB-9EDC-8C5F8F0B8A90 for plug-in at path '~/Library/Application Support/Developer/Shared/Xcode/Plug-ins/Unity4XC.xcplugin' not present in DVTPlugInCompatibilityUUIDs
=== BUILD TARGET CompilerIdC OF PROJECT CompilerIdC WITH THE DEFAULT CONFIGURATION (Debug) ===

Check dependencies

Write auxiliary files
/bin/mkdir -p /Users/rattle/Gits/AiCubo-cpp/glfw3/CMakeFiles/3.3.1/CompilerIdC/CompilerIdC.build/Debug/CompilerIdC.build
write-file /Users/rattle/Gits/AiCubo-cpp/glfw3/CMakeFiles/3.3.1/CompilerIdC/CompilerIdC.build/Debug/CompilerIdC.build/CompilerIdC-project-headers.hmap
/bin/mkdir -p /Users/rattle/Gits/AiCubo-cpp/glfw3/CMakeFiles/3.3.1/CompilerIdC/CompilerIdC.build/Debug/CompilerIdC.build/Objects-normal/x86_64
write-file /Users/rattle/Gits/AiCubo-cpp/glfw3/CMakeFiles/3.3.1/CompilerIdC/CompilerIdC.build/Debug/CompilerIdC.build/Objects-normal/x86_64/CompilerIdC.LinkFileList
write-file /Users/rattle/Gits/AiCubo-cpp/glfw3/CMakeFiles/3.3.1/CompilerIdC/CompilerIdC.build/Debug/CompilerIdC.build/CompilerIdC-generated-files.hmap
write-file /Users/rattle/Gits/AiCubo-cpp/glfw3/CMakeFiles/3.3.1/CompilerIdC/CompilerIdC.build/Debug/CompilerIdC.build/CompilerIdC.hmap
write-file /Users/rattle/Gits/AiCubo-cpp/glfw3/CMakeFiles/3.3.1/CompilerIdC/CompilerIdC.build/Debug/CompilerIdC.build/Script-2C8FEB8E15DC1A1A00E56A5D.sh
chmod 0755 /Users/rattle/Gits/AiCubo-cpp/glfw3/CMakeFiles/3.3.1/CompilerIdC/CompilerIdC.build/Debug/CompilerIdC.build/Script-2C8FEB8E15DC1A1A00E56A5D.sh
write-file /Users/rattle/Gits/AiCubo-cpp/glfw3/CMakeFiles/3.3.1/CompilerIdC/CompilerIdC.build/Debug/CompilerIdC.build/CompilerIdC-all-target-headers.hmap
write-file /Users/rattle/Gits/AiCubo-cpp/glfw3/CMakeFiles/3.3.1/CompilerIdC/CompilerIdC.build/Debug/CompilerIdC.build/CompilerIdC-own-target-headers.hmap
write-file /Users/rattle/Gits/AiCubo-cpp/glfw3/CMakeFiles/3.3.1/CompilerIdC/CompilerIdC.build/Debug/CompilerIdC.build/CompilerIdC-all-non-framework-target-headers.hmap

CompileC CompilerIdC.build/Debug/CompilerIdC.build/Objects-normal/x86_64/CMakeCCompilerId.o CMakeCCompilerId.c normal x86_64 c com.apple.compilers.llvm.clang.1_0.compiler
    cd /Users/rattle/Gits/AiCubo-cpp/glfw3/CMakeFiles/3.3.1/CompilerIdC
    export LANG=en_US.US-ASCII
    /Applications/Xcode.app/Contents/Developer/Toolchains/XcodeDefault.xctoolchain/usr/bin/clang -x c -arch x86_64 -fmessage-length=0 -fdiagnostics-show-note-include-stack -fmacro-backtrace-limit=0 -Wno-trigraphs -fpascal-strings -Os -Wno-missing-field-initializers -Wno-missing-prototypes -Wno-return-type -Wno-missing-braces -Wparentheses -Wswitch -Wno-unused-function -Wno-unused-label -Wno-unused-parameter -Wno-unused-variable -Wunused-value -Wno-empty-body -Wno-uninitialized -Wno-unknown-pragmas -Wno-shadow -Wno-four-char-constants -Wno-conversion -Wno-constant-conversion -Wno-int-conversion -Wno-bool-conversion -Wno-enum-conversion -Wno-shorten-64-to-32 -Wpointer-sign -Wno-newline-eof -isysroot /Applications/Xcode.app/Contents/Developer/Platforms/MacOSX.platform/Developer/SDKs/MacOSX10.10.sdk -fasm-blocks -fstrict-aliasing -Wdeprecated-declarations -mmacosx-version-min=10.10 -g -fvisibility=hidden -Wno-sign-conversion -I/Users/rattle/Gits/AiCubo-cpp/glfw3/CMakeFiles/3.3.1/CompilerIdC/CompilerIdC.build/Debug/CompilerIdC.build/CompilerIdC.hmap -I/Users/rattle/Gits/AiCubo-cpp/glfw3/CMakeFiles/3.3.1/CompilerIdC/include -I/Applications/Xcode.app/Contents/Developer/Toolchains/XcodeDefault.xctoolchain/usr/include -I/Users/rattle/Gits/AiCubo-cpp/glfw3/CMakeFiles/3.3.1/CompilerIdC/CompilerIdC.build/Debug/CompilerIdC.build/DerivedSources/x86_64 -I/Users/rattle/Gits/AiCubo-cpp/glfw3/CMakeFiles/3.3.1/CompilerIdC/CompilerIdC.build/Debug/CompilerIdC.build/DerivedSources -F/Users/rattle/Gits/AiCubo-cpp/glfw3/CMakeFiles/3.3.1/CompilerIdC -MMD -MT dependencies -MF /Users/rattle/Gits/AiCubo-cpp/glfw3/CMakeFiles/3.3.1/CompilerIdC/CompilerIdC.build/Debug/CompilerIdC.build/Objects-normal/x86_64/CMakeCCompilerId.d --serialize-diagnostics /Users/rattle/Gits/AiCubo-cpp/glfw3/CMakeFiles/3.3.1/CompilerIdC/CompilerIdC.build/Debug/CompilerIdC.build/Objects-normal/x86_64/CMakeCCompilerId.dia -c /Users/rattle/Gits/AiCubo-cpp/glfw3/CMakeFiles/3.3.1/CompilerIdC/CMakeCCompilerId.c -o /Users/rattle/Gits/AiCubo-cpp/glfw3/CMakeFiles/3.3.1/CompilerIdC/CompilerIdC.build/Debug/CompilerIdC.build/Objects-normal/x86_64/CMakeCCompilerId.o

Ld CompilerIdC normal x86_64
    cd /Users/rattle/Gits/AiCubo-cpp/glfw3/CMakeFiles/3.3.1/CompilerIdC
    export MACOSX_DEPLOYMENT_TARGET=10.10
    /Applications/Xcode.app/Contents/Developer/Toolchains/XcodeDefault.xctoolchain/usr/bin/clang -arch x86_64 -isysroot /Applications/Xcode.app/Contents/Developer/Platforms/MacOSX.platform/Developer/SDKs/MacOSX10.10.sdk -L/Users/rattle/Gits/AiCubo-cpp/glfw3/CMakeFiles/3.3.1/CompilerIdC -F/Users/rattle/Gits/AiCubo-cpp/glfw3/CMakeFiles/3.3.1/CompilerIdC -filelist /Users/rattle/Gits/AiCubo-cpp/glfw3/CMakeFiles/3.3.1/CompilerIdC/CompilerIdC.build/Debug/CompilerIdC.build/Objects-normal/x86_64/CompilerIdC.LinkFileList -mmacosx-version-min=10.10 -Xlinker -dependency_info -Xlinker /Users/rattle/Gits/AiCubo-cpp/glfw3/CMakeFiles/3.3.1/CompilerIdC/CompilerIdC.build/Debug/CompilerIdC.build/Objects-normal/x86_64/CompilerIdC_dependency_info.dat -o /Users/rattle/Gits/AiCubo-cpp/glfw3/CMakeFiles/3.3.1/CompilerIdC/CompilerIdC

PhaseScriptExecution Run\ Script CompilerIdC.build/Debug/CompilerIdC.build/Script-2C8FEB8E15DC1A1A00E56A5D.sh
    cd /Users/rattle/Gits/AiCubo-cpp/glfw3/CMakeFiles/3.3.1/CompilerIdC
    /bin/sh -c /Users/rattle/Gits/AiCubo-cpp/glfw3/CMakeFiles/3.3.1/CompilerIdC/CompilerIdC.build/Debug/CompilerIdC.build/Script-2C8FEB8E15DC1A1A00E56A5D.sh
GCC_VERSION=com.apple.compilers.llvm.clang.1_0

** BUILD SUCCEEDED **



Compilation of the C compiler identification source "CMakeCCompilerId.c" produced "CompilerIdC"

The C compiler identification is AppleClang, found in "/Users/rattle/Gits/AiCubo-cpp/glfw3/CMakeFiles/3.3.1/CompilerIdC/CompilerIdC"

Determining if the C compiler works passed with the following output:
Change Dir: /Users/rattle/Gits/AiCubo-cpp/glfw3/CMakeFiles/CMakeTmp

Run Build Command:"/usr/bin/xcodebuild" "-project" "CMAKE_TRY_COMPILE.xcodeproj" "build" "-target" "cmTC_23937" "-configuration" "Debug"
2015-08-21 16:56:32.197 xcodebuild[2330:542220] [MT] PluginLoading: Required plug-in compatibility UUID 7FDF5C7A-131F-4ABB-9EDC-8C5F8F0B8A90 for plug-in at path '~/Library/Application Support/Developer/Shared/Xcode/Plug-ins/Unity4XC.xcplugin' not present in DVTPlugInCompatibilityUUIDs
=== BUILD TARGET cmTC_23937 OF PROJECT CMAKE_TRY_COMPILE WITH CONFIGURATION Debug ===

Check dependencies

Write auxiliary files
/bin/mkdir -p /Users/rattle/Gits/AiCubo-cpp/glfw3/CMakeFiles/CMakeTmp/CMAKE_TRY_COMPILE.build/Debug/cmTC_23937.build/Objects-normal/x86_64
write-file /Users/rattle/Gits/AiCubo-cpp/glfw3/CMakeFiles/CMakeTmp/CMAKE_TRY_COMPILE.build/Debug/cmTC_23937.build/Objects-normal/x86_64/cmTC_23937.LinkFileList

CompileC CMAKE_TRY_COMPILE.build/Debug/cmTC_23937.build/Objects-normal/x86_64/testCCompiler.o testCCompiler.c normal x86_64 c com.apple.compilers.llvm.clang.1_0.compiler
    cd /Users/rattle/Gits/AiCubo-cpp/glfw3/CMakeFiles/CMakeTmp
    export LANG=en_US.US-ASCII
    /Applications/Xcode.app/Contents/Developer/Toolchains/XcodeDefault.xctoolchain/usr/bin/clang -x c -arch x86_64 -fmessage-length=0 -fdiagnostics-show-note-include-stack -fmacro-backtrace-limit=0 -Wno-trigraphs -fpascal-strings -O0 -Wno-missing-field-initializers -Wno-missing-prototypes -Wno-return-type -Wno-missing-braces -Wparentheses -Wswitch -Wno-unused-function -Wno-unused-label -Wno-unused-parameter -Wno-unused-variable -Wunused-value -Wno-empty-body -Wno-uninitialized -Wno-unknown-pragmas -Wno-shadow -Wno-four-char-constants -Wno-conversion -Wno-constant-conversion -Wno-int-conversion -Wno-bool-conversion -Wno-enum-conversion -Wno-shorten-64-to-32 -Wpointer-sign -Wno-newline-eof -DCMAKE_INTDIR=\"Debug\" -isysroot /Applications/Xcode.app/Contents/Developer/Platforms/MacOSX.platform/Developer/SDKs/MacOSX10.10.sdk -fasm-blocks -fstrict-aliasing -Wdeprecated-declarations -mmacosx-version-min=10.10 -g -Wno-sign-conversion -I/Users/rattle/Gits/AiCubo-cpp/glfw3/CMakeFiles/CMakeTmp/Debug/include -I/Applications/Xcode.app/Contents/Developer/Toolchains/XcodeDefault.xctoolchain/usr/include -I/Users/rattle/Gits/AiCubo-cpp/glfw3/CMakeFiles/CMakeTmp/CMAKE_TRY_COMPILE.build/Debug/cmTC_23937.build/DerivedSources/x86_64 -I/Users/rattle/Gits/AiCubo-cpp/glfw3/CMakeFiles/CMakeTmp/CMAKE_TRY_COMPILE.build/Debug/cmTC_23937.build/DerivedSources -Wmost -Wno-four-char-constants -Wno-unknown-pragmas -F/Users/rattle/Gits/AiCubo-cpp/glfw3/CMakeFiles/CMakeTmp/Debug -MMD -MT dependencies -MF /Users/rattle/Gits/AiCubo-cpp/glfw3/CMakeFiles/CMakeTmp/CMAKE_TRY_COMPILE.build/Debug/cmTC_23937.build/Objects-normal/x86_64/testCCompiler.d --serialize-diagnostics /Users/rattle/Gits/AiCubo-cpp/glfw3/CMakeFiles/CMakeTmp/CMAKE_TRY_COMPILE.build/Debug/cmTC_23937.build/Objects-normal/x86_64/testCCompiler.dia -c /Users/rattle/Gits/AiCubo-cpp/glfw3/CMakeFiles/CMakeTmp/testCCompiler.c -o /Users/rattle/Gits/AiCubo-cpp/glfw3/CMakeFiles/CMakeTmp/CMAKE_TRY_COMPILE.build/Debug/cmTC_23937.build/Objects-normal/x86_64/testCCompiler.o

Ld Debug/cmTC_23937 normal x86_64
    cd /Users/rattle/Gits/AiCubo-cpp/glfw3/CMakeFiles/CMakeTmp
    export MACOSX_DEPLOYMENT_TARGET=10.10
    /Applications/Xcode.app/Contents/Developer/Toolchains/XcodeDefault.xctoolchain/usr/bin/clang -arch x86_64 -isysroot /Applications/Xcode.app/Contents/Developer/Platforms/MacOSX.platform/Developer/SDKs/MacOSX10.10.sdk -L/Users/rattle/Gits/AiCubo-cpp/glfw3/CMakeFiles/CMakeTmp/Debug -F/Users/rattle/Gits/AiCubo-cpp/glfw3/CMakeFiles/CMakeTmp/Debug -filelist /Users/rattle/Gits/AiCubo-cpp/glfw3/CMakeFiles/CMakeTmp/CMAKE_TRY_COMPILE.build/Debug/cmTC_23937.build/Objects-normal/x86_64/cmTC_23937.LinkFileList -mmacosx-version-min=10.10 -Wl,-search_paths_first -Wl,-headerpad_max_install_names -Xlinker -dependency_info -Xlinker /Users/rattle/Gits/AiCubo-cpp/glfw3/CMakeFiles/CMakeTmp/CMAKE_TRY_COMPILE.build/Debug/cmTC_23937.build/Objects-normal/x86_64/cmTC_23937_dependency_info.dat -o /Users/rattle/Gits/AiCubo-cpp/glfw3/CMakeFiles/CMakeTmp/Debug/cmTC_23937

** BUILD SUCCEEDED **



Detecting C compiler ABI info compiled with the following output:
Change Dir: /Users/rattle/Gits/AiCubo-cpp/glfw3/CMakeFiles/CMakeTmp

Run Build Command:"/usr/bin/xcodebuild" "-project" "CMAKE_TRY_COMPILE.xcodeproj" "build" "-target" "cmTC_4dbb6" "-configuration" "Debug"
2015-08-21 16:56:32.640 xcodebuild[2343:542272] [MT] PluginLoading: Required plug-in compatibility UUID 7FDF5C7A-131F-4ABB-9EDC-8C5F8F0B8A90 for plug-in at path '~/Library/Application Support/Developer/Shared/Xcode/Plug-ins/Unity4XC.xcplugin' not present in DVTPlugInCompatibilityUUIDs
=== BUILD TARGET cmTC_4dbb6 OF PROJECT CMAKE_TRY_COMPILE WITH CONFIGURATION Debug ===

Check dependencies

Write auxiliary files
/bin/mkdir -p /Users/rattle/Gits/AiCubo-cpp/glfw3/CMakeFiles/CMakeTmp/CMAKE_TRY_COMPILE.build/Debug/cmTC_4dbb6.build/Objects-normal/x86_64
write-file /Users/rattle/Gits/AiCubo-cpp/glfw3/CMakeFiles/CMakeTmp/CMAKE_TRY_COMPILE.build/Debug/cmTC_4dbb6.build/Objects-normal/x86_64/cmTC_4dbb6.LinkFileList

CompileC CMAKE_TRY_COMPILE.build/Debug/cmTC_4dbb6.build/Objects-normal/x86_64/CMakeCCompilerABI.o /Applications/CMake.app/Contents/share/cmake-3.3/Modules/CMakeCCompilerABI.c normal x86_64 c com.apple.compilers.llvm.clang.1_0.compiler
    cd /Users/rattle/Gits/AiCubo-cpp/glfw3/CMakeFiles/CMakeTmp
    export LANG=en_US.US-ASCII
    /Applications/Xcode.app/Contents/Developer/Toolchains/XcodeDefault.xctoolchain/usr/bin/clang -x c -arch x86_64 -fmessage-length=0 -fdiagnostics-show-note-include-stack -fmacro-backtrace-limit=0 -Wno-trigraphs -fpascal-strings -O0 -Wno-missing-field-initializers -Wno-missing-prototypes -Wno-return-type -Wno-missing-braces -Wparentheses -Wswitch -Wno-unused-function -Wno-unused-label -Wno-unused-parameter -Wno-unused-variable -Wunused-value -Wno-empty-body -Wno-uninitialized -Wno-unknown-pragmas -Wno-shadow -Wno-four-char-constants -Wno-conversion -Wno-constant-conversion -Wno-int-conversion -Wno-bool-conversion -Wno-enum-conversion -Wno-shorten-64-to-32 -Wpointer-sign -Wno-newline-eof -DCMAKE_INTDIR=\"Debug\" -isysroot /Applications/Xcode.app/Contents/Developer/Platforms/MacOSX.platform/Developer/SDKs/MacOSX10.10.sdk -fasm-blocks -fstrict-aliasing -Wdeprecated-declarations -mmacosx-version-min=10.10 -g -Wno-sign-conversion -I/Users/rattle/Gits/AiCubo-cpp/glfw3/CMakeFiles/CMakeTmp/Debug/include -I/Applications/Xcode.app/Contents/Developer/Toolchains/XcodeDefault.xctoolchain/usr/include -I/Users/rattle/Gits/AiCubo-cpp/glfw3/CMakeFiles/CMakeTmp/CMAKE_TRY_COMPILE.build/Debug/cmTC_4dbb6.build/DerivedSources/x86_64 -I/Users/rattle/Gits/AiCubo-cpp/glfw3/CMakeFiles/CMakeTmp/CMAKE_TRY_COMPILE.build/Debug/cmTC_4dbb6.build/DerivedSources -Wmost -Wno-four-char-constants -Wno-unknown-pragmas -F/Users/rattle/Gits/AiCubo-cpp/glfw3/CMakeFiles/CMakeTmp/Debug -MMD -MT dependencies -MF /Users/rattle/Gits/AiCubo-cpp/glfw3/CMakeFiles/CMakeTmp/CMAKE_TRY_COMPILE.build/Debug/cmTC_4dbb6.build/Objects-normal/x86_64/CMakeCCompilerABI.d --serialize-diagnostics /Users/rattle/Gits/AiCubo-cpp/glfw3/CMakeFiles/CMakeTmp/CMAKE_TRY_COMPILE.build/Debug/cmTC_4dbb6.build/Objects-normal/x86_64/CMakeCCompilerABI.dia -c /Applications/CMake.app/Contents/share/cmake-3.3/Modules/CMakeCCompilerABI.c -o /Users/rattle/Gits/AiCubo-cpp/glfw3/CMakeFiles/CMakeTmp/CMAKE_TRY_COMPILE.build/Debug/cmTC_4dbb6.build/Objects-normal/x86_64/CMakeCCompilerABI.o

Ld Debug/cmTC_4dbb6 normal x86_64
    cd /Users/rattle/Gits/AiCubo-cpp/glfw3/CMakeFiles/CMakeTmp
    export MACOSX_DEPLOYMENT_TARGET=10.10
    /Applications/Xcode.app/Contents/Developer/Toolchains/XcodeDefault.xctoolchain/usr/bin/clang -arch x86_64 -isysroot /Applications/Xcode.app/Contents/Developer/Platforms/MacOSX.platform/Developer/SDKs/MacOSX10.10.sdk -L/Users/rattle/Gits/AiCubo-cpp/glfw3/CMakeFiles/CMakeTmp/Debug -F/Users/rattle/Gits/AiCubo-cpp/glfw3/CMakeFiles/CMakeTmp/Debug -filelist /Users/rattle/Gits/AiCubo-cpp/glfw3/CMakeFiles/CMakeTmp/CMAKE_TRY_COMPILE.build/Debug/cmTC_4dbb6.build/Objects-normal/x86_64/cmTC_4dbb6.LinkFileList -mmacosx-version-min=10.10 -v -Wl,-v -Wl,-search_paths_first -Wl,-headerpad_max_install_names -Xlinker -dependency_info -Xlinker /Users/rattle/Gits/AiCubo-cpp/glfw3/CMakeFiles/CMakeTmp/CMAKE_TRY_COMPILE.build/Debug/cmTC_4dbb6.build/Objects-normal/x86_64/cmTC_4dbb6_dependency_info.dat -o /Users/rattle/Gits/AiCubo-cpp/glfw3/CMakeFiles/CMakeTmp/Debug/cmTC_4dbb6
Apple LLVM version 6.1.0 (clang-602.0.53) (based on LLVM 3.6.0svn)
Target: x86_64-apple-darwin14.5.0
Thread model: posix
 "/Applications/Xcode.app/Contents/Developer/Toolchains/XcodeDefault.xctoolchain/usr/bin/ld" -demangle -dynamic -arch x86_64 -macosx_version_min 10.10.0 -syslibroot /Applications/Xcode.app/Contents/Developer/Platforms/MacOSX.platform/Developer/SDKs/MacOSX10.10.sdk -o /Users/rattle/Gits/AiCubo-cpp/glfw3/CMakeFiles/CMakeTmp/Debug/cmTC_4dbb6 -L/Users/rattle/Gits/AiCubo-cpp/glfw3/CMakeFiles/CMakeTmp/Debug -filelist /Users/rattle/Gits/AiCubo-cpp/glfw3/CMakeFiles/CMakeTmp/CMAKE_TRY_COMPILE.build/Debug/cmTC_4dbb6.build/Objects-normal/x86_64/cmTC_4dbb6.LinkFileList -v -search_paths_first -headerpad_max_install_names -dependency_info /Users/rattle/Gits/AiCubo-cpp/glfw3/CMakeFiles/CMakeTmp/CMAKE_TRY_COMPILE.build/Debug/cmTC_4dbb6.build/Objects-normal/x86_64/cmTC_4dbb6_dependency_info.dat -lSystem /Applications/Xcode.app/Contents/Developer/Toolchains/XcodeDefault.xctoolchain/usr/bin/../lib/clang/6.1.0/lib/darwin/libclang_rt.osx.a -F/Users/rattle/Gits/AiCubo-cpp/glfw3/CMakeFiles/CMakeTmp/Debug
@(#)PROGRAM:ld  PROJECT:ld64-242.2
configured to support archs: armv6 armv7 armv7s arm64 i386 x86_64 x86_64h armv6m armv7m armv7em
Library search paths:
	/Users/rattle/Gits/AiCubo-cpp/glfw3/CMakeFiles/CMakeTmp/Debug
	/Applications/Xcode.app/Contents/Developer/Platforms/MacOSX.platform/Developer/SDKs/MacOSX10.10.sdk/usr/lib
Framework search paths:
	/Users/rattle/Gits/AiCubo-cpp/glfw3/CMakeFiles/CMakeTmp/Debug
	/Applications/Xcode.app/Contents/Developer/Platforms/MacOSX.platform/Developer/SDKs/MacOSX10.10.sdk/System/Library/Frameworks/

** BUILD SUCCEEDED **



Parsed C implicit link information from above output:
  link line regex: [^( *|.*[/\])(ld|([^/\]+-)?ld|collect2)[^/\]*( |$)]
  ignore line: [Change Dir: /Users/rattle/Gits/AiCubo-cpp/glfw3/CMakeFiles/CMakeTmp]
  ignore line: []
  ignore line: [Run Build Command:"/usr/bin/xcodebuild" "-project" "CMAKE_TRY_COMPILE.xcodeproj" "build" "-target" "cmTC_4dbb6" "-configuration" "Debug"]
  ignore line: [2015-08-21 16:56:32.640 xcodebuild[2343:542272] [MT] PluginLoading: Required plug-in compatibility UUID 7FDF5C7A-131F-4ABB-9EDC-8C5F8F0B8A90 for plug-in at path '~/Library/Application Support/Developer/Shared/Xcode/Plug-ins/Unity4XC.xcplugin' not present in DVTPlugInCompatibilityUUIDs]
  ignore line: [=== BUILD TARGET cmTC_4dbb6 OF PROJECT CMAKE_TRY_COMPILE WITH CONFIGURATION Debug ===]
  ignore line: []
  ignore line: [Check dependencies]
  ignore line: []
  ignore line: [Write auxiliary files]
  ignore line: [/bin/mkdir -p /Users/rattle/Gits/AiCubo-cpp/glfw3/CMakeFiles/CMakeTmp/CMAKE_TRY_COMPILE.build/Debug/cmTC_4dbb6.build/Objects-normal/x86_64]
  ignore line: [write-file /Users/rattle/Gits/AiCubo-cpp/glfw3/CMakeFiles/CMakeTmp/CMAKE_TRY_COMPILE.build/Debug/cmTC_4dbb6.build/Objects-normal/x86_64/cmTC_4dbb6.LinkFileList]
  ignore line: []
  ignore line: [CompileC CMAKE_TRY_COMPILE.build/Debug/cmTC_4dbb6.build/Objects-normal/x86_64/CMakeCCompilerABI.o /Applications/CMake.app/Contents/share/cmake-3.3/Modules/CMakeCCompilerABI.c normal x86_64 c com.apple.compilers.llvm.clang.1_0.compiler]
  ignore line: [    cd /Users/rattle/Gits/AiCubo-cpp/glfw3/CMakeFiles/CMakeTmp]
  ignore line: [    export LANG=en_US.US-ASCII]
  ignore line: [    /Applications/Xcode.app/Contents/Developer/Toolchains/XcodeDefault.xctoolchain/usr/bin/clang -x c -arch x86_64 -fmessage-length=0 -fdiagnostics-show-note-include-stack -fmacro-backtrace-limit=0 -Wno-trigraphs -fpascal-strings -O0 -Wno-missing-field-initializers -Wno-missing-prototypes -Wno-return-type -Wno-missing-braces -Wparentheses -Wswitch -Wno-unused-function -Wno-unused-label -Wno-unused-parameter -Wno-unused-variable -Wunused-value -Wno-empty-body -Wno-uninitialized -Wno-unknown-pragmas -Wno-shadow -Wno-four-char-constants -Wno-conversion -Wno-constant-conversion -Wno-int-conversion -Wno-bool-conversion -Wno-enum-conversion -Wno-shorten-64-to-32 -Wpointer-sign -Wno-newline-eof -DCMAKE_INTDIR=\"Debug\" -isysroot /Applications/Xcode.app/Contents/Developer/Platforms/MacOSX.platform/Developer/SDKs/MacOSX10.10.sdk -fasm-blocks -fstrict-aliasing -Wdeprecated-declarations -mmacosx-version-min=10.10 -g -Wno-sign-conversion -I/Users/rattle/Gits/AiCubo-cpp/glfw3/CMakeFiles/CMakeTmp/Debug/include -I/Applications/Xcode.app/Contents/Developer/Toolchains/XcodeDefault.xctoolchain/usr/include -I/Users/rattle/Gits/AiCubo-cpp/glfw3/CMakeFiles/CMakeTmp/CMAKE_TRY_COMPILE.build/Debug/cmTC_4dbb6.build/DerivedSources/x86_64 -I/Users/rattle/Gits/AiCubo-cpp/glfw3/CMakeFiles/CMakeTmp/CMAKE_TRY_COMPILE.build/Debug/cmTC_4dbb6.build/DerivedSources -Wmost -Wno-four-char-constants -Wno-unknown-pragmas -F/Users/rattle/Gits/AiCubo-cpp/glfw3/CMakeFiles/CMakeTmp/Debug -MMD -MT dependencies -MF /Users/rattle/Gits/AiCubo-cpp/glfw3/CMakeFiles/CMakeTmp/CMAKE_TRY_COMPILE.build/Debug/cmTC_4dbb6.build/Objects-normal/x86_64/CMakeCCompilerABI.d --serialize-diagnostics /Users/rattle/Gits/AiCubo-cpp/glfw3/CMakeFiles/CMakeTmp/CMAKE_TRY_COMPILE.build/Debug/cmTC_4dbb6.build/Objects-normal/x86_64/CMakeCCompilerABI.dia -c /Applications/CMake.app/Contents/share/cmake-3.3/Modules/CMakeCCompilerABI.c -o /Users/rattle/Gits/AiCubo-cpp/glfw3/CMakeFiles/CMakeTmp/CMAKE_TRY_COMPILE.build/Debug/cmTC_4dbb6.build/Objects-normal/x86_64/CMakeCCompilerABI.o]
  ignore line: []
  ignore line: [Ld Debug/cmTC_4dbb6 normal x86_64]
  ignore line: [    cd /Users/rattle/Gits/AiCubo-cpp/glfw3/CMakeFiles/CMakeTmp]
  ignore line: [    export MACOSX_DEPLOYMENT_TARGET=10.10]
  ignore line: [    /Applications/Xcode.app/Contents/Developer/Toolchains/XcodeDefault.xctoolchain/usr/bin/clang -arch x86_64 -isysroot /Applications/Xcode.app/Contents/Developer/Platforms/MacOSX.platform/Developer/SDKs/MacOSX10.10.sdk -L/Users/rattle/Gits/AiCubo-cpp/glfw3/CMakeFiles/CMakeTmp/Debug -F/Users/rattle/Gits/AiCubo-cpp/glfw3/CMakeFiles/CMakeTmp/Debug -filelist /Users/rattle/Gits/AiCubo-cpp/glfw3/CMakeFiles/CMakeTmp/CMAKE_TRY_COMPILE.build/Debug/cmTC_4dbb6.build/Objects-normal/x86_64/cmTC_4dbb6.LinkFileList -mmacosx-version-min=10.10 -v -Wl,-v -Wl,-search_paths_first -Wl,-headerpad_max_install_names -Xlinker -dependency_info -Xlinker /Users/rattle/Gits/AiCubo-cpp/glfw3/CMakeFiles/CMakeTmp/CMAKE_TRY_COMPILE.build/Debug/cmTC_4dbb6.build/Objects-normal/x86_64/cmTC_4dbb6_dependency_info.dat -o /Users/rattle/Gits/AiCubo-cpp/glfw3/CMakeFiles/CMakeTmp/Debug/cmTC_4dbb6]
  ignore line: [Apple LLVM version 6.1.0 (clang-602.0.53) (based on LLVM 3.6.0svn)]
  ignore line: [Target: x86_64-apple-darwin14.5.0]
  ignore line: [Thread model: posix]
  reduced line: [ "/Applications/Xcode.app/Contents/Developer/Toolchains/XcodeDefault.xctoolchain/usr/bin/ld" -demangle -dynamic -arch x86_64 -macosx_version_min 10.10.0 -syslibroot /Applications/Xcode.app/Contents/Developer/Platforms/MacOSX.platform/Developer/SDKs/MacOSX10.10.sdk -o /Users/rattle/Gits/AiCubo-cpp/glfw3/CMakeFiles/CMakeTmp/Debug/cmTC_4dbb6 -L/Users/rattle/Gits/AiCubo-cpp/glfw3/CMakeFiles/CMakeTmp/Debug -filelist /Users/rattle/Gits/AiCubo-cpp/glfw3/CMakeFiles/CMakeTmp/CMAKE_TRY_COMPILE.build/Debug/cmTC_4dbb6.build/Objects-normal/x86_64/cmTC_4dbb6.LinkFileList -v -search_paths_first -headerpad_max_install_names -dependency_info /Users/rattle/Gits/AiCubo-cpp/glfw3/CMakeFiles/CMakeTmp/CMAKE_TRY_COMPILE.build/Debug/cmTC_4dbb6.build/Objects-normal/x86_64/cmTC_4dbb6_dependency_info.dat -lSystem /Applications/Xcode.app/Contents/Developer/Toolchains/XcodeDefault.xctoolchain/usr/bin/../lib/clang/6.1.0/lib/darwin/libclang_rt.osx.a -F/Users/rattle/Gits/AiCubo-cpp/glfw3/CMakeFiles/CMakeTmp/Debug]
            to: [ "/Applications/Xcode.app/Contents/Developer/Toolchains/XcodeDefault.xctoolchain/usr/bin/ld" -demangle -dynamic -arch x86_64 -macosx_version_min 10.10.0 -syslibroot /Applications/Xcode.app/Contents/Developer/Platforms/MacOSX.platform/Developer/SDKs/MacOSX10.10.sdk -o /Users/rattle/Gits/AiCubo-cpp/glfw3/CMakeFiles/CMakeTmp/Debug/cmTC_4dbb6 -filelist /Users/rattle/Gits/AiCubo-cpp/glfw3/CMakeFiles/CMakeTmp/CMAKE_TRY_COMPILE.build/Debug/cmTC_4dbb6.build/Objects-normal/x86_64/cmTC_4dbb6.LinkFileList -v -search_paths_first -headerpad_max_install_names -dependency_info /Users/rattle/Gits/AiCubo-cpp/glfw3/CMakeFiles/CMakeTmp/CMAKE_TRY_COMPILE.build/Debug/cmTC_4dbb6.build/Objects-normal/x86_64/cmTC_4dbb6_dependency_info.dat -lSystem /Applications/Xcode.app/Contents/Developer/Toolchains/XcodeDefault.xctoolchain/usr/bin/../lib/clang/6.1.0/lib/darwin/libclang_rt.osx.a ]
  link line: [ "/Applications/Xcode.app/Contents/Developer/Toolchains/XcodeDefault.xctoolchain/usr/bin/ld" -demangle -dynamic -arch x86_64 -macosx_version_min 10.10.0 -syslibroot /Applications/Xcode.app/Contents/Developer/Platforms/MacOSX.platform/Developer/SDKs/MacOSX10.10.sdk -o /Users/rattle/Gits/AiCubo-cpp/glfw3/CMakeFiles/CMakeTmp/Debug/cmTC_4dbb6 -filelist /Users/rattle/Gits/AiCubo-cpp/glfw3/CMakeFiles/CMakeTmp/CMAKE_TRY_COMPILE.build/Debug/cmTC_4dbb6.build/Objects-normal/x86_64/cmTC_4dbb6.LinkFileList -v -search_paths_first -headerpad_max_install_names -dependency_info /Users/rattle/Gits/AiCubo-cpp/glfw3/CMakeFiles/CMakeTmp/CMAKE_TRY_COMPILE.build/Debug/cmTC_4dbb6.build/Objects-normal/x86_64/cmTC_4dbb6_dependency_info.dat -lSystem /Applications/Xcode.app/Contents/Developer/Toolchains/XcodeDefault.xctoolchain/usr/bin/../lib/clang/6.1.0/lib/darwin/libclang_rt.osx.a ]
    arg [/Applications/Xcode.app/Contents/Developer/Toolchains/XcodeDefault.xctoolchain/usr/bin/ld] ==> ignore
    arg [-demangle] ==> ignore
    arg [-dynamic] ==> ignore
    arg [-arch] ==> ignore
    arg [x86_64] ==> ignore
    arg [-macosx_version_min] ==> ignore
    arg [10.10.0] ==> ignore
    arg [-syslibroot] ==> ignore
    arg [/Applications/Xcode.app/Contents/Developer/Platforms/MacOSX.platform/Developer/SDKs/MacOSX10.10.sdk] ==> ignore
    arg [-o] ==> ignore
    arg [/Users/rattle/Gits/AiCubo-cpp/glfw3/CMakeFiles/CMakeTmp/Debug/cmTC_4dbb6] ==> ignore
    arg [-filelist] ==> ignore
    arg [/Users/rattle/Gits/AiCubo-cpp/glfw3/CMakeFiles/CMakeTmp/CMAKE_TRY_COMPILE.build/Debug/cmTC_4dbb6.build/Objects-normal/x86_64/cmTC_4dbb6.LinkFileList] ==> ignore
    arg [-v] ==> ignore
    arg [-search_paths_first] ==> ignore
    arg [-headerpad_max_install_names] ==> ignore
    arg [-dependency_info] ==> ignore
    arg [/Users/rattle/Gits/AiCubo-cpp/glfw3/CMakeFiles/CMakeTmp/CMAKE_TRY_COMPILE.build/Debug/cmTC_4dbb6.build/Objects-normal/x86_64/cmTC_4dbb6_dependency_info.dat] ==> ignore
    arg [-lSystem] ==> lib [System]
    arg [/Applications/Xcode.app/Contents/Developer/Toolchains/XcodeDefault.xctoolchain/usr/bin/../lib/clang/6.1.0/lib/darwin/libclang_rt.osx.a] ==> lib [/Applications/Xcode.app/Contents/Developer/Toolchains/XcodeDefault.xctoolchain/usr/bin/../lib/clang/6.1.0/lib/darwin/libclang_rt.osx.a]
  Library search paths: [;/Users/rattle/Gits/AiCubo-cpp/glfw3/CMakeFiles/CMakeTmp/Debug;/Applications/Xcode.app/Contents/Developer/Platforms/MacOSX.platform/Developer/SDKs/MacOSX10.10.sdk/usr/lib]
  Framework search paths: [;/Users/rattle/Gits/AiCubo-cpp/glfw3/CMakeFiles/CMakeTmp/Debug;/Applications/Xcode.app/Contents/Developer/Platforms/MacOSX.platform/Developer/SDKs/MacOSX10.10.sdk/System/Library/Frameworks/]
  remove lib [System]
  collapse lib [/Applications/Xcode.app/Contents/Developer/Toolchains/XcodeDefault.xctoolchain/usr/bin/../lib/clang/6.1.0/lib/darwin/libclang_rt.osx.a] ==> [/Applications/Xcode.app/Contents/Developer/Toolchains/XcodeDefault.xctoolchain/usr/lib/clang/6.1.0/lib/darwin/libclang_rt.osx.a]
  collapse library dir [/Users/rattle/Gits/AiCubo-cpp/glfw3/CMakeFiles/CMakeTmp/Debug] ==> [/Users/rattle/Gits/AiCubo-cpp/glfw3/CMakeFiles/CMakeTmp/Debug], skipping non-system directory
  collapse library dir [/Applications/Xcode.app/Contents/Developer/Platforms/MacOSX.platform/Developer/SDKs/MacOSX10.10.sdk/usr/lib] ==> [/Applications/Xcode.app/Contents/Developer/Platforms/MacOSX.platform/Developer/SDKs/MacOSX10.10.sdk/usr/lib]
  collapse framework dir [/Users/rattle/Gits/AiCubo-cpp/glfw3/CMakeFiles/CMakeTmp/Debug] ==> [/Users/rattle/Gits/AiCubo-cpp/glfw3/CMakeFiles/CMakeTmp/Debug], skipping non-system directory
  collapse framework dir [/Applications/Xcode.app/Contents/Developer/Platforms/MacOSX.platform/Developer/SDKs/MacOSX10.10.sdk/System/Library/Frameworks/] ==> [/Applications/Xcode.app/Contents/Developer/Platforms/MacOSX.platform/Developer/SDKs/MacOSX10.10.sdk/System/Library/Frameworks]
  implicit libs: [/Applications/Xcode.app/Contents/Developer/Toolchains/XcodeDefault.xctoolchain/usr/lib/clang/6.1.0/lib/darwin/libclang_rt.osx.a]
  implicit dirs: [/Applications/Xcode.app/Contents/Developer/Platforms/MacOSX.platform/Developer/SDKs/MacOSX10.10.sdk/usr/lib]
  implicit fwks: [/Applications/Xcode.app/Contents/Developer/Platforms/MacOSX.platform/Developer/SDKs/MacOSX10.10.sdk/System/Library/Frameworks]




Detecting C [-std=c11] compiler features compiled with the following output:
Change Dir: /Users/rattle/Gits/AiCubo-cpp/glfw3/CMakeFiles/CMakeTmp

Run Build Command:"/usr/bin/xcodebuild" "-project" "CMAKE_TRY_COMPILE.xcodeproj" "build" "-target" "cmTC_6ae55" "-configuration" "Debug"
2015-08-21 16:56:33.114 xcodebuild[2356:542340] [MT] PluginLoading: Required plug-in compatibility UUID 7FDF5C7A-131F-4ABB-9EDC-8C5F8F0B8A90 for plug-in at path '~/Library/Application Support/Developer/Shared/Xcode/Plug-ins/Unity4XC.xcplugin' not present in DVTPlugInCompatibilityUUIDs
=== BUILD TARGET cmTC_6ae55 OF PROJECT CMAKE_TRY_COMPILE WITH CONFIGURATION Debug ===

Check dependencies

Write auxiliary files
/bin/mkdir -p /Users/rattle/Gits/AiCubo-cpp/glfw3/CMakeFiles/CMakeTmp/CMAKE_TRY_COMPILE.build/Debug/cmTC_6ae55.build/Objects-normal/x86_64
write-file /Users/rattle/Gits/AiCubo-cpp/glfw3/CMakeFiles/CMakeTmp/CMAKE_TRY_COMPILE.build/Debug/cmTC_6ae55.build/Objects-normal/x86_64/cmTC_6ae55.LinkFileList

CompileC CMAKE_TRY_COMPILE.build/Debug/cmTC_6ae55.build/Objects-normal/x86_64/feature_tests.o /Users/rattle/Gits/AiCubo-cpp/glfw3/CMakeFiles/feature_tests.c normal x86_64 c com.apple.compilers.llvm.clang.1_0.compiler
    cd /Users/rattle/Gits/AiCubo-cpp/glfw3/CMakeFiles/CMakeTmp
    export LANG=en_US.US-ASCII
    /Applications/Xcode.app/Contents/Developer/Toolchains/XcodeDefault.xctoolchain/usr/bin/clang -x c -arch x86_64 -fmessage-length=0 -fdiagnostics-show-note-include-stack -fmacro-backtrace-limit=0 -Wno-trigraphs -fpascal-strings -O0 -Wno-missing-field-initializers -Wno-missing-prototypes -Wno-return-type -Wno-missing-braces -Wparentheses -Wswitch -Wno-unused-function -Wno-unused-label -Wno-unused-parameter -Wno-unused-variable -Wunused-value -Wno-empty-body -Wno-uninitialized -Wno-unknown-pragmas -Wno-shadow -Wno-four-char-constants -Wno-conversion -Wno-constant-conversion -Wno-int-conversion -Wno-bool-conversion -Wno-enum-conversion -Wno-shorten-64-to-32 -Wpointer-sign -Wno-newline-eof -DCMAKE_INTDIR=\"Debug\" -isysroot /Applications/Xcode.app/Contents/Developer/Platforms/MacOSX.platform/Developer/SDKs/MacOSX10.10.sdk -fasm-blocks -fstrict-aliasing -Wdeprecated-declarations -mmacosx-version-min=10.10 -g -Wno-sign-conversion -I/Users/rattle/Gits/AiCubo-cpp/glfw3/CMakeFiles/CMakeTmp/Debug/include -I/Applications/Xcode.app/Contents/Developer/Toolchains/XcodeDefault.xctoolchain/usr/include -I/Users/rattle/Gits/AiCubo-cpp/glfw3/CMakeFiles/CMakeTmp/CMAKE_TRY_COMPILE.build/Debug/cmTC_6ae55.build/DerivedSources/x86_64 -I/Users/rattle/Gits/AiCubo-cpp/glfw3/CMakeFiles/CMakeTmp/CMAKE_TRY_COMPILE.build/Debug/cmTC_6ae55.build/DerivedSources -Wmost -Wno-four-char-constants -Wno-unknown-pragmas -F/Users/rattle/Gits/AiCubo-cpp/glfw3/CMakeFiles/CMakeTmp/Debug -std=c11 -MMD -MT dependencies -MF /Users/rattle/Gits/AiCubo-cpp/glfw3/CMakeFiles/CMakeTmp/CMAKE_TRY_COMPILE.build/Debug/cmTC_6ae55.build/Objects-normal/x86_64/feature_tests.d --serialize-diagnostics /Users/rattle/Gits/AiCubo-cpp/glfw3/CMakeFiles/CMakeTmp/CMAKE_TRY_COMPILE.build/Debug/cmTC_6ae55.build/Objects-normal/x86_64/feature_tests.dia -c /Users/rattle/Gits/AiCubo-cpp/glfw3/CMakeFiles/feature_tests.c -o /Users/rattle/Gits/AiCubo-cpp/glfw3/CMakeFiles/CMakeTmp/CMAKE_TRY_COMPILE.build/Debug/cmTC_6ae55.build/Objects-normal/x86_64/feature_tests.o

Ld Debug/cmTC_6ae55 normal x86_64
    cd /Users/rattle/Gits/AiCubo-cpp/glfw3/CMakeFiles/CMakeTmp
    export MACOSX_DEPLOYMENT_TARGET=10.10
    /Applications/Xcode.app/Contents/Developer/Toolchains/XcodeDefault.xctoolchain/usr/bin/clang -arch x86_64 -isysroot /Applications/Xcode.app/Contents/Developer/Platforms/MacOSX.platform/Developer/SDKs/MacOSX10.10.sdk -L/Users/rattle/Gits/AiCubo-cpp/glfw3/CMakeFiles/CMakeTmp/Debug -F/Users/rattle/Gits/AiCubo-cpp/glfw3/CMakeFiles/CMakeTmp/Debug -filelist /Users/rattle/Gits/AiCubo-cpp/glfw3/CMakeFiles/CMakeTmp/CMAKE_TRY_COMPILE.build/Debug/cmTC_6ae55.build/Objects-normal/x86_64/cmTC_6ae55.LinkFileList -mmacosx-version-min=10.10 -Wl,-search_paths_first -Wl,-headerpad_max_install_names -Xlinker -dependency_info -Xlinker /Users/rattle/Gits/AiCubo-cpp/glfw3/CMakeFiles/CMakeTmp/CMAKE_TRY_COMPILE.build/Debug/cmTC_6ae55.build/Objects-normal/x86_64/cmTC_6ae55_dependency_info.dat -o /Users/rattle/Gits/AiCubo-cpp/glfw3/CMakeFiles/CMakeTmp/Debug/cmTC_6ae55

** BUILD SUCCEEDED **



    Feature record: C_FEATURE:1c_function_prototypes
    Feature record: C_FEATURE:1c_restrict
    Feature record: C_FEATURE:1c_static_assert
    Feature record: C_FEATURE:1c_variadic_macros


Detecting C [-std=c99] compiler features compiled with the following output:
Change Dir: /Users/rattle/Gits/AiCubo-cpp/glfw3/CMakeFiles/CMakeTmp

Run Build Command:"/usr/bin/xcodebuild" "-project" "CMAKE_TRY_COMPILE.xcodeproj" "build" "-target" "cmTC_a6b1c" "-configuration" "Debug"
2015-08-21 16:56:33.550 xcodebuild[2369:542461] [MT] PluginLoading: Required plug-in compatibility UUID 7FDF5C7A-131F-4ABB-9EDC-8C5F8F0B8A90 for plug-in at path '~/Library/Application Support/Developer/Shared/Xcode/Plug-ins/Unity4XC.xcplugin' not present in DVTPlugInCompatibilityUUIDs
=== BUILD TARGET cmTC_a6b1c OF PROJECT CMAKE_TRY_COMPILE WITH CONFIGURATION Debug ===

Check dependencies

Write auxiliary files
/bin/mkdir -p /Users/rattle/Gits/AiCubo-cpp/glfw3/CMakeFiles/CMakeTmp/CMAKE_TRY_COMPILE.build/Debug/cmTC_a6b1c.build/Objects-normal/x86_64
write-file /Users/rattle/Gits/AiCubo-cpp/glfw3/CMakeFiles/CMakeTmp/CMAKE_TRY_COMPILE.build/Debug/cmTC_a6b1c.build/Objects-normal/x86_64/cmTC_a6b1c.LinkFileList

CompileC CMAKE_TRY_COMPILE.build/Debug/cmTC_a6b1c.build/Objects-normal/x86_64/feature_tests.o /Users/rattle/Gits/AiCubo-cpp/glfw3/CMakeFiles/feature_tests.c normal x86_64 c com.apple.compilers.llvm.clang.1_0.compiler
    cd /Users/rattle/Gits/AiCubo-cpp/glfw3/CMakeFiles/CMakeTmp
    export LANG=en_US.US-ASCII
    /Applications/Xcode.app/Contents/Developer/Toolchains/XcodeDefault.xctoolchain/usr/bin/clang -x c -arch x86_64 -fmessage-length=0 -fdiagnostics-show-note-include-stack -fmacro-backtrace-limit=0 -Wno-trigraphs -fpascal-strings -O0 -Wno-missing-field-initializers -Wno-missing-prototypes -Wno-return-type -Wno-missing-braces -Wparentheses -Wswitch -Wno-unused-function -Wno-unused-label -Wno-unused-parameter -Wno-unused-variable -Wunused-value -Wno-empty-body -Wno-uninitialized -Wno-unknown-pragmas -Wno-shadow -Wno-four-char-constants -Wno-conversion -Wno-constant-conversion -Wno-int-conversion -Wno-bool-conversion -Wno-enum-conversion -Wno-shorten-64-to-32 -Wpointer-sign -Wno-newline-eof -DCMAKE_INTDIR=\"Debug\" -isysroot /Applications/Xcode.app/Contents/Developer/Platforms/MacOSX.platform/Developer/SDKs/MacOSX10.10.sdk -fasm-blocks -fstrict-aliasing -Wdeprecated-declarations -mmacosx-version-min=10.10 -g -Wno-sign-conversion -I/Users/rattle/Gits/AiCubo-cpp/glfw3/CMakeFiles/CMakeTmp/Debug/include -I/Applications/Xcode.app/Contents/Developer/Toolchains/XcodeDefault.xctoolchain/usr/include -I/Users/rattle/Gits/AiCubo-cpp/glfw3/CMakeFiles/CMakeTmp/CMAKE_TRY_COMPILE.build/Debug/cmTC_a6b1c.build/DerivedSources/x86_64 -I/Users/rattle/Gits/AiCubo-cpp/glfw3/CMakeFiles/CMakeTmp/CMAKE_TRY_COMPILE.build/Debug/cmTC_a6b1c.build/DerivedSources -Wmost -Wno-four-char-constants -Wno-unknown-pragmas -F/Users/rattle/Gits/AiCubo-cpp/glfw3/CMakeFiles/CMakeTmp/Debug -std=c99 -MMD -MT dependencies -MF /Users/rattle/Gits/AiCubo-cpp/glfw3/CMakeFiles/CMakeTmp/CMAKE_TRY_COMPILE.build/Debug/cmTC_a6b1c.build/Objects-normal/x86_64/feature_tests.d --serialize-diagnostics /Users/rattle/Gits/AiCubo-cpp/glfw3/CMakeFiles/CMakeTmp/CMAKE_TRY_COMPILE.build/Debug/cmTC_a6b1c.build/Objects-normal/x86_64/feature_tests.dia -c /Users/rattle/Gits/AiCubo-cpp/glfw3/CMakeFiles/feature_tests.c -o /Users/rattle/Gits/AiCubo-cpp/glfw3/CMakeFiles/CMakeTmp/CMAKE_TRY_COMPILE.build/Debug/cmTC_a6b1c.build/Objects-normal/x86_64/feature_tests.o

Ld Debug/cmTC_a6b1c normal x86_64
    cd /Users/rattle/Gits/AiCubo-cpp/glfw3/CMakeFiles/CMakeTmp
    export MACOSX_DEPLOYMENT_TARGET=10.10
    /Applications/Xcode.app/Contents/Developer/Toolchains/XcodeDefault.xctoolchain/usr/bin/clang -arch x86_64 -isysroot /Applications/Xcode.app/Contents/Developer/Platforms/MacOSX.platform/Developer/SDKs/MacOSX10.10.sdk -L/Users/rattle/Gits/AiCubo-cpp/glfw3/CMakeFiles/CMakeTmp/Debug -F/Users/rattle/Gits/AiCubo-cpp/glfw3/CMakeFiles/CMakeTmp/Debug -filelist /Users/rattle/Gits/AiCubo-cpp/glfw3/CMakeFiles/CMakeTmp/CMAKE_TRY_COMPILE.build/Debug/cmTC_a6b1c.build/Objects-normal/x86_64/cmTC_a6b1c.LinkFileList -mmacosx-version-min=10.10 -Wl,-search_paths_first -Wl,-headerpad_max_install_names -Xlinker -dependency_info -Xlinker /Users/rattle/Gits/AiCubo-cpp/glfw3/CMakeFiles/CMakeTmp/CMAKE_TRY_COMPILE.build/Debug/cmTC_a6b1c.build/Objects-normal/x86_64/cmTC_a6b1c_dependency_info.dat -o /Users/rattle/Gits/AiCubo-cpp/glfw3/CMakeFiles/CMakeTmp/Debug/cmTC_a6b1c

** BUILD SUCCEEDED **



    Feature record: C_FEATURE:1c_function_prototypes
    Feature record: C_FEATURE:1c_restrict
    Feature record: C_FEATURE:0c_static_assert
    Feature record: C_FEATURE:1c_variadic_macros


Detecting C [-std=c90] compiler features compiled with the following output:
Change Dir: /Users/rattle/Gits/AiCubo-cpp/glfw3/CMakeFiles/CMakeTmp

Run Build Command:"/usr/bin/xcodebuild" "-project" "CMAKE_TRY_COMPILE.xcodeproj" "build" "-target" "cmTC_3131a" "-configuration" "Debug"
2015-08-21 16:56:33.986 xcodebuild[2382:542502] [MT] PluginLoading: Required plug-in compatibility UUID 7FDF5C7A-131F-4ABB-9EDC-8C5F8F0B8A90 for plug-in at path '~/Library/Application Support/Developer/Shared/Xcode/Plug-ins/Unity4XC.xcplugin' not present in DVTPlugInCompatibilityUUIDs
=== BUILD TARGET cmTC_3131a OF PROJECT CMAKE_TRY_COMPILE WITH CONFIGURATION Debug ===

Check dependencies

Write auxiliary files
/bin/mkdir -p /Users/rattle/Gits/AiCubo-cpp/glfw3/CMakeFiles/CMakeTmp/CMAKE_TRY_COMPILE.build/Debug/cmTC_3131a.build/Objects-normal/x86_64
write-file /Users/rattle/Gits/AiCubo-cpp/glfw3/CMakeFiles/CMakeTmp/CMAKE_TRY_COMPILE.build/Debug/cmTC_3131a.build/Objects-normal/x86_64/cmTC_3131a.LinkFileList

CompileC CMAKE_TRY_COMPILE.build/Debug/cmTC_3131a.build/Objects-normal/x86_64/feature_tests.o /Users/rattle/Gits/AiCubo-cpp/glfw3/CMakeFiles/feature_tests.c normal x86_64 c com.apple.compilers.llvm.clang.1_0.compiler
    cd /Users/rattle/Gits/AiCubo-cpp/glfw3/CMakeFiles/CMakeTmp
    export LANG=en_US.US-ASCII
    /Applications/Xcode.app/Contents/Developer/Toolchains/XcodeDefault.xctoolchain/usr/bin/clang -x c -arch x86_64 -fmessage-length=0 -fdiagnostics-show-note-include-stack -fmacro-backtrace-limit=0 -Wno-trigraphs -fpascal-strings -O0 -Wno-missing-field-initializers -Wno-missing-prototypes -Wno-return-type -Wno-missing-braces -Wparentheses -Wswitch -Wno-unused-function -Wno-unused-label -Wno-unused-parameter -Wno-unused-variable -Wunused-value -Wno-empty-body -Wno-uninitialized -Wno-unknown-pragmas -Wno-shadow -Wno-four-char-constants -Wno-conversion -Wno-constant-conversion -Wno-int-conversion -Wno-bool-conversion -Wno-enum-conversion -Wno-shorten-64-to-32 -Wpointer-sign -Wno-newline-eof -DCMAKE_INTDIR=\"Debug\" -isysroot /Applications/Xcode.app/Contents/Developer/Platforms/MacOSX.platform/Developer/SDKs/MacOSX10.10.sdk -fasm-blocks -fstrict-aliasing -Wdeprecated-declarations -mmacosx-version-min=10.10 -g -Wno-sign-conversion -I/Users/rattle/Gits/AiCubo-cpp/glfw3/CMakeFiles/CMakeTmp/Debug/include -I/Applications/Xcode.app/Contents/Developer/Toolchains/XcodeDefault.xctoolchain/usr/include -I/Users/rattle/Gits/AiCubo-cpp/glfw3/CMakeFiles/CMakeTmp/CMAKE_TRY_COMPILE.build/Debug/cmTC_3131a.build/DerivedSources/x86_64 -I/Users/rattle/Gits/AiCubo-cpp/glfw3/CMakeFiles/CMakeTmp/CMAKE_TRY_COMPILE.build/Debug/cmTC_3131a.build/DerivedSources -Wmost -Wno-four-char-constants -Wno-unknown-pragmas -F/Users/rattle/Gits/AiCubo-cpp/glfw3/CMakeFiles/CMakeTmp/Debug -std=c90 -MMD -MT dependencies -MF /Users/rattle/Gits/AiCubo-cpp/glfw3/CMakeFiles/CMakeTmp/CMAKE_TRY_COMPILE.build/Debug/cmTC_3131a.build/Objects-normal/x86_64/feature_tests.d --serialize-diagnostics /Users/rattle/Gits/AiCubo-cpp/glfw3/CMakeFiles/CMakeTmp/CMAKE_TRY_COMPILE.build/Debug/cmTC_3131a.build/Objects-normal/x86_64/feature_tests.dia -c /Users/rattle/Gits/AiCubo-cpp/glfw3/CMakeFiles/feature_tests.c -o /Users/rattle/Gits/AiCubo-cpp/glfw3/CMakeFiles/CMakeTmp/CMAKE_TRY_COMPILE.build/Debug/cmTC_3131a.build/Objects-normal/x86_64/feature_tests.o

Ld Debug/cmTC_3131a normal x86_64
    cd /Users/rattle/Gits/AiCubo-cpp/glfw3/CMakeFiles/CMakeTmp
    export MACOSX_DEPLOYMENT_TARGET=10.10
    /Applications/Xcode.app/Contents/Developer/Toolchains/XcodeDefault.xctoolchain/usr/bin/clang -arch x86_64 -isysroot /Applications/Xcode.app/Contents/Developer/Platforms/MacOSX.platform/Developer/SDKs/MacOSX10.10.sdk -L/Users/rattle/Gits/AiCubo-cpp/glfw3/CMakeFiles/CMakeTmp/Debug -F/Users/rattle/Gits/AiCubo-cpp/glfw3/CMakeFiles/CMakeTmp/Debug -filelist /Users/rattle/Gits/AiCubo-cpp/glfw3/CMakeFiles/CMakeTmp/CMAKE_TRY_COMPILE.build/Debug/cmTC_3131a.build/Objects-normal/x86_64/cmTC_3131a.LinkFileList -mmacosx-version-min=10.10 -Wl,-search_paths_first -Wl,-headerpad_max_install_names -Xlinker -dependency_info -Xlinker /Users/rattle/Gits/AiCubo-cpp/glfw3/CMakeFiles/CMakeTmp/CMAKE_TRY_COMPILE.build/Debug/cmTC_3131a.build/Objects-normal/x86_64/cmTC_3131a_dependency_info.dat -o /Users/rattle/Gits/AiCubo-cpp/glfw3/CMakeFiles/CMakeTmp/Debug/cmTC_3131a

** BUILD SUCCEEDED **



    Feature record: C_FEATURE:1c_function_prototypes
    Feature record: C_FEATURE:0c_restrict
    Feature record: C_FEATURE:0c_static_assert
    Feature record: C_FEATURE:0c_variadic_macros
Determining if files pthread.h exist passed with the following output:
Change Dir: /Users/rattle/Gits/AiCubo-cpp/glfw3/CMakeFiles/CMakeTmp

Run Build Command:"/usr/bin/xcodebuild" "-project" "CMAKE_TRY_COMPILE.xcodeproj" "build" "-target" "cmTC_480c6" "-configuration" "Debug"
2015-08-21 16:56:34.683 xcodebuild[2396:542551] [MT] PluginLoading: Required plug-in compatibility UUID 7FDF5C7A-131F-4ABB-9EDC-8C5F8F0B8A90 for plug-in at path '~/Library/Application Support/Developer/Shared/Xcode/Plug-ins/Unity4XC.xcplugin' not present in DVTPlugInCompatibilityUUIDs
=== BUILD TARGET cmTC_480c6 OF PROJECT CMAKE_TRY_COMPILE WITH CONFIGURATION Debug ===

Check dependencies

Write auxiliary files
/bin/mkdir -p /Users/rattle/Gits/AiCubo-cpp/glfw3/CMakeFiles/CMakeTmp/CMAKE_TRY_COMPILE.build/Debug/cmTC_480c6.build/Objects-normal/x86_64
write-file /Users/rattle/Gits/AiCubo-cpp/glfw3/CMakeFiles/CMakeTmp/CMAKE_TRY_COMPILE.build/Debug/cmTC_480c6.build/Objects-normal/x86_64/cmTC_480c6.LinkFileList

CompileC CMAKE_TRY_COMPILE.build/Debug/cmTC_480c6.build/Objects-normal/x86_64/CheckIncludeFiles.o CheckIncludeFiles.c normal x86_64 c com.apple.compilers.llvm.clang.1_0.compiler
    cd /Users/rattle/Gits/AiCubo-cpp/glfw3/CMakeFiles/CMakeTmp
    export LANG=en_US.US-ASCII
    /Applications/Xcode.app/Contents/Developer/Toolchains/XcodeDefault.xctoolchain/usr/bin/clang -x c -arch x86_64 -fmessage-length=0 -fdiagnostics-show-note-include-stack -fmacro-backtrace-limit=0 -Wno-trigraphs -fpascal-strings -O0 -Wno-missing-field-initializers -Wno-missing-prototypes -Wno-return-type -Wno-missing-braces -Wparentheses -Wswitch -Wno-unused-function -Wno-unused-label -Wno-unused-parameter -Wno-unused-variable -Wunused-value -Wno-empty-body -Wno-uninitialized -Wno-unknown-pragmas -Wno-shadow -Wno-four-char-constants -Wno-conversion -Wno-constant-conversion -Wno-int-conversion -Wno-bool-conversion -Wno-enum-conversion -Wno-shorten-64-to-32 -Wpointer-sign -Wno-newline-eof -DCMAKE_INTDIR=\"Debug\" -isysroot /Applications/Xcode.app/Contents/Developer/Platforms/MacOSX.platform/Developer/SDKs/MacOSX10.10.sdk -fasm-blocks -fstrict-aliasing -Wdeprecated-declarations -mmacosx-version-min=10.10 -g -Wno-sign-conversion -I/Users/rattle/Gits/AiCubo-cpp/glfw3/CMakeFiles/CMakeTmp/Debug/include -I/Applications/Xcode.app/Contents/Developer/Toolchains/XcodeDefault.xctoolchain/usr/include -I/Users/rattle/Gits/AiCubo-cpp/glfw3/CMakeFiles/CMakeTmp/CMAKE_TRY_COMPILE.build/Debug/cmTC_480c6.build/DerivedSources/x86_64 -I/Users/rattle/Gits/AiCubo-cpp/glfw3/CMakeFiles/CMakeTmp/CMAKE_TRY_COMPILE.build/Debug/cmTC_480c6.build/DerivedSources -Wmost -Wno-four-char-constants -Wno-unknown-pragmas -F/Users/rattle/Gits/AiCubo-cpp/glfw3/CMakeFiles/CMakeTmp/Debug -MMD -MT dependencies -MF /Users/rattle/Gits/AiCubo-cpp/glfw3/CMakeFiles/CMakeTmp/CMAKE_TRY_COMPILE.build/Debug/cmTC_480c6.build/Objects-normal/x86_64/CheckIncludeFiles.d --serialize-diagnostics /Users/rattle/Gits/AiCubo-cpp/glfw3/CMakeFiles/CMakeTmp/CMAKE_TRY_COMPILE.build/Debug/cmTC_480c6.build/Objects-normal/x86_64/CheckIncludeFiles.dia -c /Users/rattle/Gits/AiCubo-cpp/glfw3/CMakeFiles/CMakeTmp/CheckIncludeFiles.c -o /Users/rattle/Gits/AiCubo-cpp/glfw3/CMakeFiles/CMakeTmp/CMAKE_TRY_COMPILE.build/Debug/cmTC_480c6.build/Objects-normal/x86_64/CheckIncludeFiles.o

Ld Debug/cmTC_480c6 normal x86_64
    cd /Users/rattle/Gits/AiCubo-cpp/glfw3/CMakeFiles/CMakeTmp
    export MACOSX_DEPLOYMENT_TARGET=10.10
    /Applications/Xcode.app/Contents/Developer/Toolchains/XcodeDefault.xctoolchain/usr/bin/clang -arch x86_64 -isysroot /Applications/Xcode.app/Contents/Developer/Platforms/MacOSX.platform/Developer/SDKs/MacOSX10.10.sdk -L/Users/rattle/Gits/AiCubo-cpp/glfw3/CMakeFiles/CMakeTmp/Debug -F/Users/rattle/Gits/AiCubo-cpp/glfw3/CMakeFiles/CMakeTmp/Debug -filelist /Users/rattle/Gits/AiCubo-cpp/glfw3/CMakeFiles/CMakeTmp/CMAKE_TRY_COMPILE.build/Debug/cmTC_480c6.build/Objects-normal/x86_64/cmTC_480c6.LinkFileList -mmacosx-version-min=10.10 -Wl,-search_paths_first -Wl,-headerpad_max_install_names -Xlinker -dependency_info -Xlinker /Users/rattle/Gits/AiCubo-cpp/glfw3/CMakeFiles/CMakeTmp/CMAKE_TRY_COMPILE.build/Debug/cmTC_480c6.build/Objects-normal/x86_64/cmTC_480c6_dependency_info.dat -o /Users/rattle/Gits/AiCubo-cpp/glfw3/CMakeFiles/CMakeTmp/Debug/cmTC_480c6

** BUILD SUCCEEDED **



Determining if the pthread_create exist passed with the following output:
Change Dir: /Users/rattle/Gits/AiCubo-cpp/glfw3/CMakeFiles/CMakeTmp

Run Build Command:"/usr/bin/xcodebuild" "-project" "CMAKE_TRY_COMPILE.xcodeproj" "build" "-target" "cmTC_29775" "-configuration" "Debug"
2015-08-21 16:56:35.210 xcodebuild[2409:542589] [MT] PluginLoading: Required plug-in compatibility UUID 7FDF5C7A-131F-4ABB-9EDC-8C5F8F0B8A90 for plug-in at path '~/Library/Application Support/Developer/Shared/Xcode/Plug-ins/Unity4XC.xcplugin' not present in DVTPlugInCompatibilityUUIDs
=== BUILD TARGET cmTC_29775 OF PROJECT CMAKE_TRY_COMPILE WITH CONFIGURATION Debug ===

Check dependencies

Write auxiliary files
/bin/mkdir -p /Users/rattle/Gits/AiCubo-cpp/glfw3/CMakeFiles/CMakeTmp/CMAKE_TRY_COMPILE.build/Debug/cmTC_29775.build/Objects-normal/x86_64
write-file /Users/rattle/Gits/AiCubo-cpp/glfw3/CMakeFiles/CMakeTmp/CMAKE_TRY_COMPILE.build/Debug/cmTC_29775.build/Objects-normal/x86_64/cmTC_29775.LinkFileList

CompileC CMAKE_TRY_COMPILE.build/Debug/cmTC_29775.build/Objects-normal/x86_64/CheckSymbolExists.o CheckSymbolExists.c normal x86_64 c com.apple.compilers.llvm.clang.1_0.compiler
    cd /Users/rattle/Gits/AiCubo-cpp/glfw3/CMakeFiles/CMakeTmp
    export LANG=en_US.US-ASCII
    /Applications/Xcode.app/Contents/Developer/Toolchains/XcodeDefault.xctoolchain/usr/bin/clang -x c -arch x86_64 -fmessage-length=0 -fdiagnostics-show-note-include-stack -fmacro-backtrace-limit=0 -Wno-trigraphs -fpascal-strings -O0 -Wno-missing-field-initializers -Wno-missing-prototypes -Wno-return-type -Wno-missing-braces -Wparentheses -Wswitch -Wno-unused-function -Wno-unused-label -Wno-unused-parameter -Wno-unused-variable -Wunused-value -Wno-empty-body -Wno-uninitialized -Wno-unknown-pragmas -Wno-shadow -Wno-four-char-constants -Wno-conversion -Wno-constant-conversion -Wno-int-conversion -Wno-bool-conversion -Wno-enum-conversion -Wno-shorten-64-to-32 -Wpointer-sign -Wno-newline-eof -DCMAKE_INTDIR=\"Debug\" -isysroot /Applications/Xcode.app/Contents/Developer/Platforms/MacOSX.platform/Developer/SDKs/MacOSX10.10.sdk -fasm-blocks -fstrict-aliasing -Wdeprecated-declarations -mmacosx-version-min=10.10 -g -Wno-sign-conversion -I/Users/rattle/Gits/AiCubo-cpp/glfw3/CMakeFiles/CMakeTmp/Debug/include -I/Applications/Xcode.app/Contents/Developer/Toolchains/XcodeDefault.xctoolchain/usr/include -I/Users/rattle/Gits/AiCubo-cpp/glfw3/CMakeFiles/CMakeTmp/CMAKE_TRY_COMPILE.build/Debug/cmTC_29775.build/DerivedSources/x86_64 -I/Users/rattle/Gits/AiCubo-cpp/glfw3/CMakeFiles/CMakeTmp/CMAKE_TRY_COMPILE.build/Debug/cmTC_29775.build/DerivedSources -Wmost -Wno-four-char-constants -Wno-unknown-pragmas -F/Users/rattle/Gits/AiCubo-cpp/glfw3/CMakeFiles/CMakeTmp/Debug -MMD -MT dependencies -MF /Users/rattle/Gits/AiCubo-cpp/glfw3/CMakeFiles/CMakeTmp/CMAKE_TRY_COMPILE.build/Debug/cmTC_29775.build/Objects-normal/x86_64/CheckSymbolExists.d --serialize-diagnostics /Users/rattle/Gits/AiCubo-cpp/glfw3/CMakeFiles/CMakeTmp/CMAKE_TRY_COMPILE.build/Debug/cmTC_29775.build/Objects-normal/x86_64/CheckSymbolExists.dia -c /Users/rattle/Gits/AiCubo-cpp/glfw3/CMakeFiles/CMakeTmp/CheckSymbolExists.c -o /Users/rattle/Gits/AiCubo-cpp/glfw3/CMakeFiles/CMakeTmp/CMAKE_TRY_COMPILE.build/Debug/cmTC_29775.build/Objects-normal/x86_64/CheckSymbolExists.o

Ld Debug/cmTC_29775 normal x86_64
    cd /Users/rattle/Gits/AiCubo-cpp/glfw3/CMakeFiles/CMakeTmp
    export MACOSX_DEPLOYMENT_TARGET=10.10
    /Applications/Xcode.app/Contents/Developer/Toolchains/XcodeDefault.xctoolchain/usr/bin/clang -arch x86_64 -isysroot /Applications/Xcode.app/Contents/Developer/Platforms/MacOSX.platform/Developer/SDKs/MacOSX10.10.sdk -L/Users/rattle/Gits/AiCubo-cpp/glfw3/CMakeFiles/CMakeTmp/Debug -F/Users/rattle/Gits/AiCubo-cpp/glfw3/CMakeFiles/CMakeTmp/Debug -filelist /Users/rattle/Gits/AiCubo-cpp/glfw3/CMakeFiles/CMakeTmp/CMAKE_TRY_COMPILE.build/Debug/cmTC_29775.build/Objects-normal/x86_64/cmTC_29775.LinkFileList -mmacosx-version-min=10.10 -Wl,-search_paths_first -Wl,-headerpad_max_install_names -Xlinker -dependency_info -Xlinker /Users/rattle/Gits/AiCubo-cpp/glfw3/CMakeFiles/CMakeTmp/CMAKE_TRY_COMPILE.build/Debug/cmTC_29775.build/Objects-normal/x86_64/cmTC_29775_dependency_info.dat -o /Users/rattle/Gits/AiCubo-cpp/glfw3/CMakeFiles/CMakeTmp/Debug/cmTC_29775

** BUILD SUCCEEDED **


File /Users/rattle/Gits/AiCubo-cpp/glfw3/CMakeFiles/CMakeTmp/CheckSymbolExists.c:
/* */
#include <pthread.h>

int main(int argc, char** argv)
{
  (void)argv;
#ifndef pthread_create
  return ((int*)(&pthread_create))[argc];
#else
  (void)argc;
  return 0;
#endif
}

